<?xml version="1.0" encoding="UTF-8"?>
<!-- Generated by org.testng.reporters.JUnitReportReporter -->
<testsuite hostname="DESKTOP-PH53FIP" failures="0" tests="1" name="com.nopCommerce.testCases.TC_LoginTest_001" time="25.040" errors="0" timestamp="17 Apr 2021 14:04:30 GMT" skipped="0">
  <testcase classname="com.nopCommerce.testCases.TC_LoginTest_001" name="loginTest" time="25.040"/>
</testsuite> <!-- com.nopCommerce.testCases.TC_LoginTest_001 -->
