<?xml version="1.0" encoding="UTF-8"?>
<!-- Generated by org.testng.reporters.JUnitReportReporter -->
<testsuite hostname="DESKTOP-PH53FIP" failures="0" tests="1" name="com.nopCommerce.testCases.TC_AddCustomerTest_003" time="33.469" errors="0" timestamp="17 Apr 2021 14:04:30 GMT" skipped="0">
  <testcase classname="com.nopCommerce.testCases.TC_AddCustomerTest_003" name="addNewCustomer" time="33.469"/>
</testsuite> <!-- com.nopCommerce.testCases.TC_AddCustomerTest_003 -->
