<?xml version="1.0" encoding="UTF-8"?>
<!-- Generated by org.testng.reporters.JUnitReportReporter -->
<testsuite hostname="DESKTOP-PH53FIP" failures="0" tests="1" name="com.nopCommerce.testCases.TC_AddCustomerTest_003" time="31.684" errors="0" timestamp="19 Apr 2021 19:51:54 GMT" skipped="0">
  <testcase classname="com.nopCommerce.testCases.TC_AddCustomerTest_003" name="addNewCustomer" time="31.684"/>
</testsuite> <!-- com.nopCommerce.testCases.TC_AddCustomerTest_003 -->
