<?xml version="1.0" encoding="UTF-8"?>
<!-- Generated by org.testng.reporters.JUnitReportReporter -->
<testsuite hostname="DESKTOP-PH53FIP" failures="0" tests="1" name="com.nopCommerce.testCases.TC_LoginTest_001" time="32.621" errors="0" timestamp="19 Apr 2021 19:51:54 GMT" skipped="0">
  <testcase classname="com.nopCommerce.testCases.TC_LoginTest_001" name="loginTest" time="32.621"/>
</testsuite> <!-- com.nopCommerce.testCases.TC_LoginTest_001 -->
